<?xml version="1.0" encoding="UTF-8"?>
<!-- Generated by org.testng.reporters.JUnitReportReporter -->
<testsuite hostname="SaiTejas-MacBook-Air.local" failures="0" tests="6" name="com.TestNGPractice.InvocationCountTestNG" time="19.340" errors="0" timestamp="2024-07-16T15:15:20 IST" skipped="2">
  <testcase classname="com.TestNGPractice.InvocationCountTestNG" name="testmethod3" time="5.364"/>
  <testcase classname="com.TestNGPractice.InvocationCountTestNG" name="testmethod3" time="3.874"/>
  <testcase classname="com.TestNGPractice.InvocationCountTestNG" name="testmethod3" time="5.131"/>
  <testcase classname="com.TestNGPractice.InvocationCountTestNG" name="testmethod3" time="4.971"/>
  <testcase classname="com.TestNGPractice.InvocationCountTestNG" name="testmethod2">
    <skipped/>
  </testcase> <!-- testmethod2 -->
  <testcase classname="com.TestNGPractice.InvocationCountTestNG" name="testmethod1">
    <skipped/>
  </testcase> <!-- testmethod1 -->
</testsuite> <!-- com.TestNGPractice.InvocationCountTestNG -->
