<?xml version="1.0" encoding="UTF-8"?>
<!-- Generated by org.testng.reporters.JUnitReportReporter -->
<testsuite hostname="SaiTejas-MacBook-Air.local" failures="0" tests="1" name="com.TestNGPractice.DemoTest" time="7.028" errors="0" timestamp="2024-07-02T16:00:37 IST" skipped="0">
  <testcase classname="com.TestNGPractice.DemoTest" name="TestGoogle" time="7.028"/>
</testsuite> <!-- com.TestNGPractice.DemoTest -->
