<?xml version="1.0" encoding="UTF-8"?>
<!-- Generated by org.testng.reporters.JUnitReportReporter -->
<testsuite hostname="SaiTejas-MacBook-Air.local" failures="0" tests="4" name="com.TestNGPractice.DataProviderSeperateClassTestNG" time="0.005" errors="0" timestamp="2024-07-16T13:46:16 IST" skipped="0">
  <testcase classname="com.TestNGPractice.DataProviderSeperateClassTestNG" name="TestLogin" time="0.001"/>
  <testcase classname="com.TestNGPractice.DataProviderSeperateClassTestNG" name="TestLogin" time="0.000"/>
  <testcase classname="com.TestNGPractice.DataProviderSeperateClassTestNG" name="TestLogin" time="0.003"/>
  <testcase classname="com.TestNGPractice.DataProviderSeperateClassTestNG" name="TestLogin" time="0.001"/>
</testsuite> <!-- com.TestNGPractice.DataProviderSeperateClassTestNG -->
