<?xml version="1.0" encoding="UTF-8"?>
<!-- Generated by org.testng.reporters.JUnitReportReporter -->
<testsuite hostname="SaiTejas-MacBook-Air.local" failures="0" tests="1" name="com.TestNGPractice.HardAndSoftAssertionsTestNG" time="7.598" errors="0" timestamp="2024-07-15T14:45:57 IST" skipped="0">
  <testcase classname="com.TestNGPractice.HardAndSoftAssertionsTestNG" name="TestFacebook" time="7.598"/>
</testsuite> <!-- com.TestNGPractice.HardAndSoftAssertionsTestNG -->
