<?xml version="1.0" encoding="UTF-8"?>
<!-- Generated by org.testng.reporters.JUnitReportReporter -->
<testsuite hostname="SaiTejas-MacBook-Air.local" failures="0" tests="3" name="com.TestNGPractice.GroupsTestNG" time="0.008" errors="0" timestamp="2024-07-15T22:47:25 IST" skipped="0">
  <testcase classname="com.TestNGPractice.GroupsTestNG" name="test2" time="0.001"/>
  <testcase classname="com.TestNGPractice.GroupsTestNG" name="test3" time="0.000"/>
  <testcase classname="com.TestNGPractice.GroupsTestNG" name="test1" time="0.007"/>
</testsuite> <!-- com.TestNGPractice.GroupsTestNG -->
